2024.08.12 14:39:19 INFO  Started: Metals version 1.3.3 in folders 'C:\Users\Sachinthaka\OneDrive\Desktop\2Y SEM1\Functional Programming\Practical8' for client Visual Studio Code 1.92.1.
SLF4J(W): Class path contains multiple SLF4J providers.
SLF4J(W): Found provider [scribe.slf4j.ScribeServiceProvider@78681bc5]
SLF4J(W): Found provider [ch.qos.logback.classic.spi.LogbackServiceProvider@5a47eb04]
SLF4J(W): See https://www.slf4j.org/codes.html#multiple_bindings for an explanation.
SLF4J(I): Actual provider is of type [scribe.slf4j.ScribeServiceProvider@78681bc5]
2024.08.12 14:39:19 WARN  Flyway upgrade recommended: H2 2.2.224 is newer than this version of Flyway and support has not been tested. The latest supported version of H2 is 2.2.220.
Aug 12, 2024 2:39:20 PM org.eclipse.lsp4j.jsonrpc.RemoteEndpoint handleCancellation
WARNING: Unmatched cancel notification for request id 1
2024.08.12 14:39:20 INFO  no build target found for C:\Users\Sachinthaka\OneDrive\Desktop\2Y SEM1\Functional Programming\Practical8\practical8.scala. Using presentation compiler with project's scala-library version: 3.3.3
2024.08.12 14:39:20 INFO  no build target found for C:\Users\Sachinthaka\OneDrive\Desktop\2Y SEM1\Functional Programming\Practical8\practical8.scala. Using presentation compiler with project's scala-library version: 3.3.3
2024.08.12 14:39:24 INFO  no build target found for C:\Users\Sachinthaka\OneDrive\Desktop\2Y SEM1\Functional Programming\Practical8\practical8.scala. Using presentation compiler with project's scala-library version: 3.3.3
2024.08.12 14:39:24 INFO  no build target found for C:\Users\Sachinthaka\OneDrive\Desktop\2Y SEM1\Functional Programming\Practical8\practical8.scala. Using presentation compiler with project's scala-library version: 3.3.3
2024.08.12 14:39:24 INFO  no build target found for C:\Users\Sachinthaka\OneDrive\Desktop\2Y SEM1\Functional Programming\Practical8\practical8.scala. Using presentation compiler with project's scala-library version: 3.3.3
Aug 12, 2024 2:39:24 PM org.eclipse.lsp4j.jsonrpc.RemoteEndpoint handleCancellation
WARNING: Unmatched cancel notification for request id 14
2024.08.12 14:39:24 INFO  no build target found for C:\Users\Sachinthaka\OneDrive\Desktop\2Y SEM1\Functional Programming\Practical8\practical8.scala. Using presentation compiler with project's scala-library version: 3.3.3
Aug 12, 2024 2:39:24 PM org.eclipse.lsp4j.jsonrpc.RemoteEndpoint handleCancellation
WARNING: Unmatched cancel notification for request id 18
2024.08.12 14:39:25 INFO  no build target found for C:\Users\Sachinthaka\OneDrive\Desktop\2Y SEM1\Functional Programming\Practical8\practical8.scala. Using presentation compiler with project's scala-library version: 3.3.3
2024.08.12 14:39:25 INFO  no build target found for C:\Users\Sachinthaka\OneDrive\Desktop\2Y SEM1\Functional Programming\Practical8\practical8.scala. Using presentation compiler with project's scala-library version: 3.3.3
2024.08.12 14:39:26 INFO  Running List(C:\Users\Sachinthaka\AppData\Local\Coursier\data\bin\scala-cli.BAT, setup-ide, C:\Users\Sachinthaka\OneDrive\Desktop\2Y SEM1\Functional Programming\Practical8)
2024.08.12 14:39:26 INFO  Attempting to connect to the build server...
2024.08.12 14:39:26 INFO  Running BSP server List(C:\Users\Sachinthaka\AppData\Local\Coursier\data\bin\.scala-cli.aux.exe, bsp, --json-options, C:\Users\Sachinthaka\OneDrive\Desktop\2Y SEM1\Functional Programming\Practical8\.scala-build\ide-options-v2.json, --json-launcher-options, C:\Users\Sachinthaka\OneDrive\Desktop\2Y SEM1\Functional Programming\Practical8\.scala-build\ide-launcher-options.json, --envs-file, C:\Users\Sachinthaka\OneDrive\Desktop\2Y SEM1\Functional Programming\Practical8\.scala-build\ide-envs.json, C:\Users\Sachinthaka\OneDrive\Desktop\2Y SEM1\Functional Programming\Practical8)
2024.08.12 14:39:26 INFO  tracing is disabled for protocol BSP, to enable tracing of incoming and outgoing JSON messages create an empty file at C:\Users\Sachinthaka\OneDrive\Desktop\2Y SEM1\Functional Programming\Practical8\.metals\bsp.trace.json or C:\Users\Sachinthaka\AppData\Local\scalameta\metals\cache\bsp.trace.json
2024.08.12 14:39:26 INFO  no build target found for C:\Users\Sachinthaka\OneDrive\Desktop\2Y SEM1\Functional Programming\Practical8\practical8.scala. Using presentation compiler with project's scala-library version: 3.3.3
2024.08.12 14:39:26 INFO  no build target found for C:\Users\Sachinthaka\OneDrive\Desktop\2Y SEM1\Functional Programming\Practical8\practical8.scala. Using presentation compiler with project's scala-library version: 3.3.3
2024.08.12 14:39:26 INFO  no build target found for C:\Users\Sachinthaka\OneDrive\Desktop\2Y SEM1\Functional Programming\Practical8\practical8.scala. Using presentation compiler with project's scala-library version: 3.3.3
2024.08.12 14:39:26 INFO  no build target found for C:\Users\Sachinthaka\OneDrive\Desktop\2Y SEM1\Functional Programming\Practical8\practical8.scala. Using presentation compiler with project's scala-library version: 3.3.3
2024.08.12 14:39:26 INFO  no build target found for C:\Users\Sachinthaka\OneDrive\Desktop\2Y SEM1\Functional Programming\Practical8\practical8.scala. Using presentation compiler with project's scala-library version: 3.3.3
2024.08.12 14:39:26 INFO  no build target found for C:\Users\Sachinthaka\OneDrive\Desktop\2Y SEM1\Functional Programming\Practical8\practical8.scala. Using presentation compiler with project's scala-library version: 3.3.3
2024.08.12 14:39:28 INFO  no build target found for C:\Users\Sachinthaka\OneDrive\Desktop\2Y SEM1\Functional Programming\Practical8\practical8.scala. Using presentation compiler with project's scala-library version: 3.3.3
2024.08.12 14:39:28 INFO  BSP server: Checking https://github.com/coursier/jvm-index/raw/master/index.json
2024.08.12 14:39:28 INFO  BSP server: Checked https://github.com/coursier/jvm-index/raw/master/index.json
2024.08.12 14:39:28 INFO  BSP server: Downloading https://github.com/coursier/jvm-index/raw/master/index.json
2024.08.12 14:39:29 INFO  no build target found for C:\Users\Sachinthaka\OneDrive\Desktop\2Y SEM1\Functional Programming\Practical8\practical8.scala. Using presentation compiler with project's scala-library version: 3.3.3
2024.08.12 14:39:30 INFO  no build target found for C:\Users\Sachinthaka\OneDrive\Desktop\2Y SEM1\Functional Programming\Practical8\practical8.scala. Using presentation compiler with project's scala-library version: 3.3.3
2024.08.12 14:39:30 INFO  no build target found for C:\Users\Sachinthaka\OneDrive\Desktop\2Y SEM1\Functional Programming\Practical8\practical8.scala. Using presentation compiler with project's scala-library version: 3.3.3
2024.08.12 14:39:30 INFO  no build target found for C:\Users\Sachinthaka\OneDrive\Desktop\2Y SEM1\Functional Programming\Practical8\practical8.scala. Using presentation compiler with project's scala-library version: 3.3.3
2024.08.12 14:39:30 INFO  no build target found for C:\Users\Sachinthaka\OneDrive\Desktop\2Y SEM1\Functional Programming\Practical8\practical8.scala. Using presentation compiler with project's scala-library version: 3.3.3
2024.08.12 14:39:30 INFO  no build target found for C:\Users\Sachinthaka\OneDrive\Desktop\2Y SEM1\Functional Programming\Practical8\practical8.scala. Using presentation compiler with project's scala-library version: 3.3.3
2024.08.12 14:39:30 INFO  no build target found for C:\Users\Sachinthaka\OneDrive\Desktop\2Y SEM1\Functional Programming\Practical8\practical8.scala. Using presentation compiler with project's scala-library version: 3.3.3
2024.08.12 14:39:30 INFO  no build target found for C:\Users\Sachinthaka\OneDrive\Desktop\2Y SEM1\Functional Programming\Practical8\practical8.scala. Using presentation compiler with project's scala-library version: 3.3.3
2024.08.12 14:39:30 INFO  no build target found for C:\Users\Sachinthaka\OneDrive\Desktop\2Y SEM1\Functional Programming\Practical8\practical8.scala. Using presentation compiler with project's scala-library version: 3.3.3
2024.08.12 14:39:32 INFO  no build target found for C:\Users\Sachinthaka\OneDrive\Desktop\2Y SEM1\Functional Programming\Practical8\practical8.scala. Using presentation compiler with project's scala-library version: 3.3.3
2024.08.12 14:39:33 INFO  no build target found for C:\Users\Sachinthaka\OneDrive\Desktop\2Y SEM1\Functional Programming\Practical8\practical8.scala. Using presentation compiler with project's scala-library version: 3.3.3
2024.08.12 14:39:34 INFO  BSP server: Still downloading:
2024.08.12 14:39:34 INFO  BSP server: https://github.com/coursier/jvm-index/raw/master/index.json (49.18 %, 913600 / 1857527)
2024.08.12 14:39:34 INFO  BSP server: 
2024.08.12 14:39:33 INFO  no build target found for C:\Users\Sachinthaka\OneDrive\Desktop\2Y SEM1\Functional Programming\Practical8\practical8.scala. Using presentation compiler with project's scala-library version: 3.3.3
2024.08.12 14:39:33 INFO  no build target found for C:\Users\Sachinthaka\OneDrive\Desktop\2Y SEM1\Functional Programming\Practical8\practical8.scala. Using presentation compiler with project's scala-library version: 3.3.3
2024.08.12 14:39:35 INFO  no build target found for C:\Users\Sachinthaka\OneDrive\Desktop\2Y SEM1\Functional Programming\Practical8\practical8.scala. Using presentation compiler with project's scala-library version: 3.3.3
2024.08.12 14:39:36 INFO  no build target found for C:\Users\Sachinthaka\OneDrive\Desktop\2Y SEM1\Functional Programming\Practical8\practical8.scala. Using presentation compiler with project's scala-library version: 3.3.3
2024.08.12 14:39:36 INFO  no build target found for C:\Users\Sachinthaka\OneDrive\Desktop\2Y SEM1\Functional Programming\Practical8\practical8.scala. Using presentation compiler with project's scala-library version: 3.3.3
2024.08.12 14:39:38 INFO  no build target found for C:\Users\Sachinthaka\OneDrive\Desktop\2Y SEM1\Functional Programming\Practical8\practical8.scala. Using presentation compiler with project's scala-library version: 3.3.3
2024.08.12 14:39:38 INFO  BSP server: Downloaded https://github.com/coursier/jvm-index/raw/master/index.json
2024.08.12 14:39:39 INFO  no build target found for C:\Users\Sachinthaka\OneDrive\Desktop\2Y SEM1\Functional Programming\Practical8\practical8.scala. Using presentation compiler with project's scala-library version: 3.3.3
2024.08.12 14:39:39 INFO  no build target found for C:\Users\Sachinthaka\OneDrive\Desktop\2Y SEM1\Functional Programming\Practical8\practical8.scala. Using presentation compiler with project's scala-library version: 3.3.3
2024.08.12 14:39:39 INFO  no build target found for C:\Users\Sachinthaka\OneDrive\Desktop\2Y SEM1\Functional Programming\Practical8\practical8.scala. Using presentation compiler with project's scala-library version: 3.3.3
2024.08.12 14:39:39 INFO  no build target found for C:\Users\Sachinthaka\OneDrive\Desktop\2Y SEM1\Functional Programming\Practical8\practical8.scala. Using presentation compiler with project's scala-library version: 3.3.3
2024.08.12 14:39:40 INFO  no build target found for C:\Users\Sachinthaka\OneDrive\Desktop\2Y SEM1\Functional Programming\Practical8\practical8.scala. Using presentation compiler with project's scala-library version: 3.3.3
2024.08.12 14:39:41 INFO  time: Connected to build server in 15s
2024.08.12 14:39:41 INFO  Connected to Build server: scala-cli v1.4.1
2024.08.12 14:39:42 INFO  compiling practical8_400e808088 (1 scala source)
2024.08.12 14:39:42 INFO  time: Imported build in 1.27s
2024.08.12 14:39:42 INFO  running doctor check
2024.08.12 14:39:42 INFO  java targets: Practical8_400e808088-test, Practical8_400e808088
2024.08.12 14:39:47 WARN  Flyway upgrade recommended: H2 2.2.224 is newer than this version of Flyway and support has not been tested. The latest supported version of H2 is 2.2.220.
2024.08.12 14:39:49 INFO  time: indexed workspace in 6.56s
Aug 12, 2024 2:53:34 PM org.eclipse.lsp4j.jsonrpc.RemoteEndpoint handleCancellation
WARNING: Unmatched cancel notification for request id 258
2024.08.12 15:13:05 ERROR Failed to tokenize input for semantic tokens for C:\Users\Sachinthaka\OneDrive\Desktop\2Y SEM1\Functional Programming\Practical8\practical8.scala
scala.meta.tokenizers.TokenizeException: <input>:8: error: unclosed character literal
             val baseLetter=''
                            ^
	at scala.meta.internal.tokenizers.Reporter.syntaxError(Reporter.scala:23)
	at scala.meta.internal.tokenizers.Reporter.syntaxError$(Reporter.scala:23)
	at scala.meta.internal.tokenizers.Reporter$$anon$1.syntaxError(Reporter.scala:32)
	at scala.meta.internal.tokenizers.Reporter.syntaxError(Reporter.scala:25)
	at scala.meta.internal.tokenizers.Reporter.syntaxError$(Reporter.scala:25)
	at scala.meta.internal.tokenizers.Reporter$$anon$1.syntaxError(Reporter.scala:32)
	at scala.meta.internal.tokenizers.LegacyScanner.fetchSingleQuote$1(LegacyScanner.scala:391)
	at scala.meta.internal.tokenizers.LegacyScanner.fetchToken(LegacyScanner.scala:395)
	at scala.meta.internal.tokenizers.LegacyScanner.nextToken(LegacyScanner.scala:201)
	at scala.meta.internal.tokenizers.LegacyScanner.foreach(LegacyScanner.scala:912)
	at scala.meta.internal.tokenizers.ScalametaTokenizer.uncachedTokenize(ScalametaTokenizer.scala:23)
	at scala.meta.internal.tokenizers.ScalametaTokenizer.$anonfun$tokenize$1(ScalametaTokenizer.scala:17)
	at scala.collection.concurrent.TrieMap.getOrElseUpdate(TrieMap.scala:960)
	at scala.meta.internal.tokenizers.ScalametaTokenizer.tokenize(ScalametaTokenizer.scala:17)
	at scala.meta.internal.tokenizers.ScalametaTokenizer$$anon$2.apply(ScalametaTokenizer.scala:322)
	at scala.meta.tokenizers.Api$XtensionTokenizeDialectInput.tokenize(Api.scala:22)
	at scala.meta.tokenizers.Api$XtensionTokenizeInputLike.tokenize(Api.scala:13)
	at scala.meta.internal.metals.SemanticTokensProvider$.getTokens(SemanticTokensProvider.scala:28)
	at scala.meta.internal.metals.SemanticTokensProvider$.provide(SemanticTokensProvider.scala:89)
	at scala.meta.internal.metals.Compilers.$anonfun$semanticTokens$3(Compilers.scala:545)
	at scala.concurrent.impl.Promise$Transformation.run(Promise.scala:467)
	at java.util.concurrent.ThreadPoolExecutor.runWorker(ThreadPoolExecutor.java:1136)
	at java.util.concurrent.ThreadPoolExecutor$Worker.run(ThreadPoolExecutor.java:635)
	at java.lang.Thread.run(Thread.java:833)

2024.08.12 15:13:27 ERROR Failed to tokenize input for semantic tokens for C:\Users\Sachinthaka\OneDrive\Desktop\2Y SEM1\Functional Programming\Practical8\practical8.scala
scala.meta.tokenizers.TokenizeException: <input>:12: error: unclosed character literal
            val baseLetter=''
                           ^
	at scala.meta.internal.tokenizers.Reporter.syntaxError(Reporter.scala:23)
	at scala.meta.internal.tokenizers.Reporter.syntaxError$(Reporter.scala:23)
	at scala.meta.internal.tokenizers.Reporter$$anon$1.syntaxError(Reporter.scala:32)
	at scala.meta.internal.tokenizers.Reporter.syntaxError(Reporter.scala:25)
	at scala.meta.internal.tokenizers.Reporter.syntaxError$(Reporter.scala:25)
	at scala.meta.internal.tokenizers.Reporter$$anon$1.syntaxError(Reporter.scala:32)
	at scala.meta.internal.tokenizers.LegacyScanner.fetchSingleQuote$1(LegacyScanner.scala:391)
	at scala.meta.internal.tokenizers.LegacyScanner.fetchToken(LegacyScanner.scala:395)
	at scala.meta.internal.tokenizers.LegacyScanner.nextToken(LegacyScanner.scala:201)
	at scala.meta.internal.tokenizers.LegacyScanner.foreach(LegacyScanner.scala:912)
	at scala.meta.internal.tokenizers.ScalametaTokenizer.uncachedTokenize(ScalametaTokenizer.scala:23)
	at scala.meta.internal.tokenizers.ScalametaTokenizer.$anonfun$tokenize$1(ScalametaTokenizer.scala:17)
	at scala.collection.concurrent.TrieMap.getOrElseUpdate(TrieMap.scala:960)
	at scala.meta.internal.tokenizers.ScalametaTokenizer.tokenize(ScalametaTokenizer.scala:17)
	at scala.meta.internal.tokenizers.ScalametaTokenizer$$anon$2.apply(ScalametaTokenizer.scala:322)
	at scala.meta.tokenizers.Api$XtensionTokenizeDialectInput.tokenize(Api.scala:22)
	at scala.meta.tokenizers.Api$XtensionTokenizeInputLike.tokenize(Api.scala:13)
	at scala.meta.internal.metals.SemanticTokensProvider$.getTokens(SemanticTokensProvider.scala:28)
	at scala.meta.internal.metals.SemanticTokensProvider$.provide(SemanticTokensProvider.scala:89)
	at scala.meta.internal.metals.Compilers.$anonfun$semanticTokens$3(Compilers.scala:545)
	at scala.concurrent.impl.Promise$Transformation.run(Promise.scala:467)
	at java.util.concurrent.ThreadPoolExecutor.runWorker(ThreadPoolExecutor.java:1136)
	at java.util.concurrent.ThreadPoolExecutor$Worker.run(ThreadPoolExecutor.java:635)
	at java.lang.Thread.run(Thread.java:833)

Aug 12, 2024 3:19:43 PM org.eclipse.lsp4j.jsonrpc.RemoteEndpoint handleCancellation
WARNING: Unmatched cancel notification for request id 1393
Aug 12, 2024 3:20:06 PM org.eclipse.lsp4j.jsonrpc.RemoteEndpoint handleCancellation
WARNING: Unmatched cancel notification for request id 1552
2024.08.12 15:23:09 INFO  compiling practical8_400e808088 (1 scala source)
2024.08.12 15:23:09 INFO  time: compiled Practical8_400e808088 in 0.81s
2024.08.12 15:23:18 INFO  compiling practical8_400e808088 (1 scala source)
2024.08.12 15:23:19 INFO  time: compiled Practical8_400e808088 in 1.16s
Aug 12, 2024 3:24:17 PM org.eclipse.lsp4j.jsonrpc.RemoteEndpoint handleCancellation
WARNING: Unmatched cancel notification for request id 1893
Aug 12, 2024 3:24:21 PM org.eclipse.lsp4j.jsonrpc.RemoteEndpoint handleCancellation
WARNING: Unmatched cancel notification for request id 1900
2024.08.12 15:24:43 INFO  compiling practical8_400e808088 (1 scala source)
2024.08.12 15:24:43 INFO  time: compiled Practical8_400e808088 in 0.42s
2024.08.12 15:25:18 INFO  compiling practical8_400e808088 (1 scala source)
2024.08.12 15:25:18 INFO  time: compiled Practical8_400e808088 in 0.33s
2024.08.12 15:25:26 INFO  compiling practical8_400e808088 (1 scala source)
2024.08.12 15:25:26 INFO  time: compiled Practical8_400e808088 in 0.3s
2024.08.12 15:27:29 INFO  compiling practical8_400e808088 (1 scala source)
2024.08.12 15:27:29 INFO  time: compiled Practical8_400e808088 in 0.39s
2024.08.12 15:27:50 INFO  compiling practical8_400e808088 (1 scala source)
2024.08.12 15:27:50 INFO  time: compiled Practical8_400e808088 in 0.3s
2024.08.12 15:28:45 INFO  compiling practical8_400e808088 (1 scala source)
2024.08.12 15:28:45 INFO  time: compiled Practical8_400e808088 in 0.38s
2024.08.12 17:30:37 ERROR Failed to tokenize input for semantic tokens for C:\Users\Sachinthaka\OneDrive\Desktop\2Y SEM1\Functional Programming\Practical8\practical8.scala
scala.meta.tokenizers.TokenizeException: <input>:13: error: unclosed character literal
            val baseLetter='
                           ^
	at scala.meta.internal.tokenizers.Reporter.syntaxError(Reporter.scala:23)
	at scala.meta.internal.tokenizers.Reporter.syntaxError$(Reporter.scala:23)
	at scala.meta.internal.tokenizers.Reporter$$anon$1.syntaxError(Reporter.scala:32)
	at scala.meta.internal.tokenizers.Reporter.syntaxError(Reporter.scala:25)
	at scala.meta.internal.tokenizers.Reporter.syntaxError$(Reporter.scala:25)
	at scala.meta.internal.tokenizers.Reporter$$anon$1.syntaxError(Reporter.scala:32)
	at scala.meta.internal.tokenizers.LegacyScanner.fetchSingleQuote$1(LegacyScanner.scala:391)
	at scala.meta.internal.tokenizers.LegacyScanner.fetchToken(LegacyScanner.scala:395)
	at scala.meta.internal.tokenizers.LegacyScanner.nextToken(LegacyScanner.scala:201)
	at scala.meta.internal.tokenizers.LegacyScanner.foreach(LegacyScanner.scala:912)
	at scala.meta.internal.tokenizers.ScalametaTokenizer.uncachedTokenize(ScalametaTokenizer.scala:23)
	at scala.meta.internal.tokenizers.ScalametaTokenizer.$anonfun$tokenize$1(ScalametaTokenizer.scala:17)
	at scala.collection.concurrent.TrieMap.getOrElseUpdate(TrieMap.scala:960)
	at scala.meta.internal.tokenizers.ScalametaTokenizer.tokenize(ScalametaTokenizer.scala:17)
	at scala.meta.internal.tokenizers.ScalametaTokenizer$$anon$2.apply(ScalametaTokenizer.scala:322)
	at scala.meta.tokenizers.Api$XtensionTokenizeDialectInput.tokenize(Api.scala:22)
	at scala.meta.tokenizers.Api$XtensionTokenizeInputLike.tokenize(Api.scala:13)
	at scala.meta.internal.metals.SemanticTokensProvider$.getTokens(SemanticTokensProvider.scala:28)
	at scala.meta.internal.metals.SemanticTokensProvider$.provide(SemanticTokensProvider.scala:89)
	at scala.meta.internal.metals.Compilers.$anonfun$semanticTokens$3(Compilers.scala:545)
	at scala.concurrent.impl.Promise$Transformation.run(Promise.scala:467)
	at java.util.concurrent.ThreadPoolExecutor.runWorker(ThreadPoolExecutor.java:1136)
	at java.util.concurrent.ThreadPoolExecutor$Worker.run(ThreadPoolExecutor.java:635)
	at java.lang.Thread.run(Thread.java:833)

2024.08.12 17:31:04 ERROR Failed to tokenize input for semantic tokens for C:\Users\Sachinthaka\OneDrive\Desktop\2Y SEM1\Functional Programming\Practical8\practical8.scala
scala.meta.tokenizers.TokenizeException: <input>:9: error: unclosed character literal
             val base =if (c.isUpper) ''
                                      ^
	at scala.meta.internal.tokenizers.Reporter.syntaxError(Reporter.scala:23)
	at scala.meta.internal.tokenizers.Reporter.syntaxError$(Reporter.scala:23)
	at scala.meta.internal.tokenizers.Reporter$$anon$1.syntaxError(Reporter.scala:32)
	at scala.meta.internal.tokenizers.Reporter.syntaxError(Reporter.scala:25)
	at scala.meta.internal.tokenizers.Reporter.syntaxError$(Reporter.scala:25)
	at scala.meta.internal.tokenizers.Reporter$$anon$1.syntaxError(Reporter.scala:32)
	at scala.meta.internal.tokenizers.LegacyScanner.fetchSingleQuote$1(LegacyScanner.scala:391)
	at scala.meta.internal.tokenizers.LegacyScanner.fetchToken(LegacyScanner.scala:395)
	at scala.meta.internal.tokenizers.LegacyScanner.nextToken(LegacyScanner.scala:201)
	at scala.meta.internal.tokenizers.LegacyScanner.foreach(LegacyScanner.scala:912)
	at scala.meta.internal.tokenizers.ScalametaTokenizer.uncachedTokenize(ScalametaTokenizer.scala:23)
	at scala.meta.internal.tokenizers.ScalametaTokenizer.$anonfun$tokenize$1(ScalametaTokenizer.scala:17)
	at scala.collection.concurrent.TrieMap.getOrElseUpdate(TrieMap.scala:960)
	at scala.meta.internal.tokenizers.ScalametaTokenizer.tokenize(ScalametaTokenizer.scala:17)
	at scala.meta.internal.tokenizers.ScalametaTokenizer$$anon$2.apply(ScalametaTokenizer.scala:322)
	at scala.meta.tokenizers.Api$XtensionTokenizeDialectInput.tokenize(Api.scala:22)
	at scala.meta.tokenizers.Api$XtensionTokenizeInputLike.tokenize(Api.scala:13)
	at scala.meta.internal.metals.SemanticTokensProvider$.getTokens(SemanticTokensProvider.scala:28)
	at scala.meta.internal.metals.SemanticTokensProvider$.provide(SemanticTokensProvider.scala:89)
	at scala.meta.internal.metals.Compilers.$anonfun$semanticTokens$3(Compilers.scala:545)
	at scala.concurrent.impl.Promise$Transformation.run(Promise.scala:467)
	at java.util.concurrent.ThreadPoolExecutor.runWorker(ThreadPoolExecutor.java:1136)
	at java.util.concurrent.ThreadPoolExecutor$Worker.run(ThreadPoolExecutor.java:635)
	at java.lang.Thread.run(Thread.java:833)

2024.08.12 17:31:29 INFO  compiling practical8_400e808088 (1 scala source)
2024.08.12 17:31:29 INFO  time: compiled Practical8_400e808088 in 0.56s
2024.08.12 17:31:31 INFO  compiling practical8_400e808088 (1 scala source)
2024.08.12 17:31:31 INFO  time: compiled Practical8_400e808088 in 0.3s
2024.08.12 17:31:41 INFO  compiling practical8_400e808088 (1 scala source)
2024.08.12 17:31:41 INFO  time: compiled Practical8_400e808088 in 0.33s
2024.08.12 17:32:20 INFO  compiling practical8_400e808088 (1 scala source)
2024.08.12 17:32:20 INFO  time: compiled Practical8_400e808088 in 0.34s
2024.08.12 17:32:57 INFO  compiling practical8_400e808088 (1 scala source)
2024.08.12 17:32:57 INFO  time: compiled Practical8_400e808088 in 0.32s
2024.08.12 17:33:18 INFO  compiling practical8_400e808088 (1 scala source)
2024.08.12 17:33:18 INFO  time: compiled Practical8_400e808088 in 0.11s
2024.08.12 17:33:42 INFO  compiling practical8_400e808088 (1 scala source)
2024.08.12 17:33:42 INFO  time: compiled Practical8_400e808088 in 0.12s
2024.08.12 17:34:01 INFO  compiling practical8_400e808088 (1 scala source)
2024.08.12 17:34:01 INFO  time: compiled Practical8_400e808088 in 0.1s
2024.08.12 17:34:05 INFO  compiling practical8_400e808088 (1 scala source)
2024.08.12 17:34:05 INFO  time: compiled Practical8_400e808088 in 0.37s
2024.08.12 17:36:57 INFO  compiling practical8_400e808088 (1 scala source)
2024.08.12 17:36:57 INFO  time: compiled Practical8_400e808088 in 0.15s
2024.08.12 17:37:08 INFO  compiling practical8_400e808088 (1 scala source)
2024.08.12 17:37:08 INFO  time: compiled Practical8_400e808088 in 0.12s
2024.08.12 17:37:42 INFO  compiling practical8_400e808088 (1 scala source)
2024.08.12 17:37:42 INFO  time: compiled Practical8_400e808088 in 0.26s
2024.08.12 17:40:53 INFO  compiling practical8_400e808088 (1 scala source)
2024.08.12 17:40:53 INFO  time: compiled Practical8_400e808088 in 0.28s
2024.08.12 17:52:06 INFO  compiling practical8_400e808088 (1 scala source)
2024.08.12 17:52:06 INFO  time: compiled Practical8_400e808088 in 0.32s
2024.08.12 17:52:32 INFO  compiling practical8_400e808088 (1 scala source)
2024.08.12 17:52:32 INFO  time: compiled Practical8_400e808088 in 0.24s
Aug 12, 2024 5:53:57 PM org.eclipse.lsp4j.jsonrpc.RemoteEndpoint handleCancellation
WARNING: Unmatched cancel notification for request id 5333
2024.08.12 17:54:00 INFO  compiling practical8_400e808088 (1 scala source)
2024.08.12 17:54:00 INFO  time: compiled Practical8_400e808088 in 0.18s
2024.08.12 17:54:15 INFO  compiling practical8_400e808088 (1 scala source)
2024.08.12 17:54:15 INFO  time: compiled Practical8_400e808088 in 0.15s
2024.08.12 17:55:29 INFO  compiling practical8_400e808088 (1 scala source)
2024.08.12 17:55:29 INFO  time: compiled Practical8_400e808088 in 0.12s
2024.08.12 17:55:31 INFO  compiling practical8_400e808088 (1 scala source)
2024.08.12 17:55:31 INFO  time: compiled Practical8_400e808088 in 0.14s
2024.08.12 17:55:39 INFO  compiling practical8_400e808088 (1 scala source)
2024.08.12 17:55:39 INFO  time: compiled Practical8_400e808088 in 0.27s
Aug 12, 2024 5:58:16 PM org.eclipse.lsp4j.jsonrpc.RemoteEndpoint handleCancellation
WARNING: Unmatched cancel notification for request id 5957
2024.08.12 17:58:22 ERROR Failed to tokenize input for semantic tokens for C:\Users\Sachinthaka\OneDrive\Desktop\2Y SEM1\Functional Programming\Practical8\practical8.scala
scala.meta.tokenizers.TokenizeException: <input>:50: error: unclosed string literal
    println("Encrypted/Decrypted text)
            ^
	at scala.meta.internal.tokenizers.Reporter.syntaxError(Reporter.scala:23)
	at scala.meta.internal.tokenizers.Reporter.syntaxError$(Reporter.scala:23)
	at scala.meta.internal.tokenizers.Reporter$$anon$1.syntaxError(Reporter.scala:32)
	at scala.meta.internal.tokenizers.Reporter.syntaxError(Reporter.scala:25)
	at scala.meta.internal.tokenizers.Reporter.syntaxError$(Reporter.scala:25)
	at scala.meta.internal.tokenizers.Reporter$$anon$1.syntaxError(Reporter.scala:32)
	at scala.meta.internal.tokenizers.LegacyScanner.getStringLit(LegacyScanner.scala:509)
	at scala.meta.internal.tokenizers.LegacyScanner.fetchDoubleQuote$1(LegacyScanner.scala:361)
	at scala.meta.internal.tokenizers.LegacyScanner.fetchToken(LegacyScanner.scala:363)
	at scala.meta.internal.tokenizers.LegacyScanner.nextToken(LegacyScanner.scala:201)
	at scala.meta.internal.tokenizers.LegacyScanner.foreach(LegacyScanner.scala:912)
	at scala.meta.internal.tokenizers.ScalametaTokenizer.uncachedTokenize(ScalametaTokenizer.scala:23)
	at scala.meta.internal.tokenizers.ScalametaTokenizer.$anonfun$tokenize$1(ScalametaTokenizer.scala:17)
	at scala.collection.concurrent.TrieMap.getOrElseUpdate(TrieMap.scala:960)
	at scala.meta.internal.tokenizers.ScalametaTokenizer.tokenize(ScalametaTokenizer.scala:17)
	at scala.meta.internal.tokenizers.ScalametaTokenizer$$anon$2.apply(ScalametaTokenizer.scala:322)
	at scala.meta.tokenizers.Api$XtensionTokenizeDialectInput.tokenize(Api.scala:22)
	at scala.meta.tokenizers.Api$XtensionTokenizeInputLike.tokenize(Api.scala:13)
	at scala.meta.internal.metals.SemanticTokensProvider$.getTokens(SemanticTokensProvider.scala:28)
	at scala.meta.internal.metals.SemanticTokensProvider$.provide(SemanticTokensProvider.scala:89)
	at scala.meta.internal.metals.Compilers.$anonfun$semanticTokens$3(Compilers.scala:545)
	at scala.concurrent.impl.Promise$Transformation.run(Promise.scala:467)
	at java.util.concurrent.ThreadPoolExecutor.runWorker(ThreadPoolExecutor.java:1136)
	at java.util.concurrent.ThreadPoolExecutor$Worker.run(ThreadPoolExecutor.java:635)
	at java.lang.Thread.run(Thread.java:833)

2024.08.12 17:58:32 INFO  compiling practical8_400e808088 (1 scala source)
2024.08.12 17:58:32 INFO  time: compiled Practical8_400e808088 in 0.27s
2024.08.12 17:59:40 INFO  compiling practical8_400e808088 (1 scala source)
2024.08.12 17:59:40 INFO  time: compiled Practical8_400e808088 in 0.27s
Aug 12, 2024 6:01:41 PM org.eclipse.lsp4j.jsonrpc.RemoteEndpoint handleCancellation
WARNING: Unmatched cancel notification for request id 6258
2024.08.12 18:03:16 INFO  compiling practical8_400e808088 (1 scala source)
2024.08.12 18:03:16 INFO  time: compiled Practical8_400e808088 in 0.26s
2024.08.12 18:14:04 INFO  compiling practical8_400e808088 (1 scala source)
2024.08.12 18:14:04 INFO  time: compiled Practical8_400e808088 in 0.37s
2024.08.12 18:27:37 INFO  compiling practical8_400e808088 (1 scala source)
2024.08.12 18:27:37 INFO  time: compiled Practical8_400e808088 in 0.19s
2024.08.12 18:31:10 INFO  compiling practical8_400e808088 (1 scala source)
2024.08.12 18:31:10 INFO  time: compiled Practical8_400e808088 in 0.4s
2024.08.12 18:37:17 INFO  compiling practical8_400e808088 (1 scala source)
2024.08.12 18:37:17 INFO  time: compiled Practical8_400e808088 in 0.28s
Aug 12, 2024 6:58:49 PM scala.meta.internal.pc.CompilerAccess handleError
SEVERE: A severe compiler error occurred, full details of the error can be found in the error report C:\Users\Sachinthaka\OneDrive\Desktop\2Y SEM1\Functional Programming\Practical8\.metals\.reports\metals-full\2024-08-12\r_compiler-error_(Practical8_400e808088)_18-58-49-970.md
Aug 12, 2024 6:58:50 PM scala.meta.internal.pc.CompilerAccess handleError
SEVERE: A severe compiler error occurred, full details of the error can be found in the error report C:\Users\Sachinthaka\OneDrive\Desktop\2Y SEM1\Functional Programming\Practical8\.metals\.reports\metals-full\2024-08-12\r_compiler-error_(Practical8_400e808088)_18-58-50-660.md
Aug 12, 2024 6:58:50 PM scala.meta.internal.pc.CompilerAccess handleError
SEVERE: A severe compiler error occurred, full details of the error can be found in the error report C:\Users\Sachinthaka\OneDrive\Desktop\2Y SEM1\Functional Programming\Practical8\.metals\.reports\metals-full\2024-08-12\r_compiler-error_(Practical8_400e808088)_18-58-50-947.md
Aug 12, 2024 6:58:51 PM scala.meta.internal.pc.CompilerAccess handleError
SEVERE: A severe compiler error occurred, full details of the error can be found in the error report C:\Users\Sachinthaka\OneDrive\Desktop\2Y SEM1\Functional Programming\Practical8\.metals\.reports\metals-full\2024-08-12\r_compiler-error_(Practical8_400e808088)_18-58-51-180.md
Aug 12, 2024 7:01:40 PM org.eclipse.lsp4j.jsonrpc.RemoteEndpoint handleCancellation
WARNING: Unmatched cancel notification for request id 8318
